<?xml version="1.0" encoding="UTF-8"?>
<!-- Generated by org.testng.reporters.JUnitXMLReporter -->
<testsuite ignored="0" hostname="LAPTOP-BIM2FR3V" failures="0" tests="4" name="Test" time="97.369" errors="0" timestamp="2024-03-04T20:28:25 IST">
  <testcase classname="Proj001.MavenLab.MultOptions" name="multipOpts" time="34.667"/>
  <testcase classname="Proj001.MavenLab.DragAndDrop" name="dragdrop" time="3.477"/>
  <testcase classname="Proj001.MavenLab.SwitchingWindows" name="switchWin" time="29.617"/>
  <testcase classname="Proj001.MavenLab.WebTable" name="readFromWebTable" time="29.563"/>
</testsuite> <!-- Test -->
