<?xml version="1.0" encoding="UTF-8"?>
<!-- Generated by org.testng.reporters.JUnitXMLReporter -->
<testsuite ignored="0" hostname="LAPTOP-BIM2FR3V" failures="0" tests="4" name="Test" time="73.87" errors="0" timestamp="2024-03-05T20:40:38 IST">
  <testcase classname="Proj001.MavenLab.MultOptions" name="multipOpts" time="37.35"/>
  <testcase classname="Proj001.MavenLab.DragAndDrop" name="dragdrop" time="4.325"/>
  <testcase classname="Proj001.MavenLab.SwitchingWindows" name="switchWin" time="27.943"/>
  <testcase classname="Proj001.MavenLab.WebTable" name="readFromWebTable" time="4.168"/>
</testsuite> <!-- Test -->
