<?xml version="1.0" encoding="UTF-8"?>
<testng-results ignored="0" total="4" passed="4" failed="0" skipped="0">
  <reporter-output>
  </reporter-output>
  <suite started-at="2024-03-05T20:39:24 IST" name="Suite" finished-at="2024-03-05T20:40:38 IST" duration-ms="73870">
    <groups>
    </groups>
    <test started-at="2024-03-05T20:39:24 IST" name="Test" finished-at="2024-03-05T20:40:38 IST" duration-ms="73870">
      <class name="Proj001.MavenLab.SwitchingWindows">
        <test-method signature="switchWin()[pri:0, instance:Proj001.MavenLab.SwitchingWindows@4c15e7fd]" started-at="2024-03-05T20:40:06 IST" name="switchWin" finished-at="2024-03-05T20:40:34 IST" duration-ms="27943" status="PASS">
          <reporter-output>
          </reporter-output>
        </test-method> <!-- switchWin -->
      </class> <!-- Proj001.MavenLab.SwitchingWindows -->
      <class name="Proj001.MavenLab.DragAndDrop">
        <test-method signature="dragdrop()[pri:0, instance:Proj001.MavenLab.DragAndDrop@2133814f]" started-at="2024-03-05T20:40:02 IST" name="dragdrop" finished-at="2024-03-05T20:40:06 IST" duration-ms="4325" status="PASS">
          <reporter-output>
          </reporter-output>
        </test-method> <!-- dragdrop -->
      </class> <!-- Proj001.MavenLab.DragAndDrop -->
      <class name="Proj001.MavenLab.MultOptions">
        <test-method signature="multipOpts()[pri:0, instance:Proj001.MavenLab.MultOptions@79ad8b2f]" started-at="2024-03-05T20:39:24 IST" name="multipOpts" finished-at="2024-03-05T20:40:02 IST" duration-ms="37350" status="PASS">
          <reporter-output>
          </reporter-output>
        </test-method> <!-- multipOpts -->
      </class> <!-- Proj001.MavenLab.MultOptions -->
      <class name="Proj001.MavenLab.WebTable">
        <test-method signature="readFromWebTable()[pri:0, instance:Proj001.MavenLab.WebTable@23986957]" started-at="2024-03-05T20:40:34 IST" name="readFromWebTable" finished-at="2024-03-05T20:40:38 IST" duration-ms="4168" status="PASS">
          <reporter-output>
          </reporter-output>
        </test-method> <!-- readFromWebTable -->
      </class> <!-- Proj001.MavenLab.WebTable -->
    </test> <!-- Test -->
  </suite> <!-- Suite -->
</testng-results>
