<?xml version="1.0" encoding="UTF-8"?>
<testng-results ignored="0" total="4" passed="4" failed="0" skipped="0">
  <reporter-output>
  </reporter-output>
  <suite started-at="2024-03-04T20:26:47 IST" name="Suite" finished-at="2024-03-04T20:28:25 IST" duration-ms="97369">
    <groups>
    </groups>
    <test started-at="2024-03-04T20:26:47 IST" name="Test" finished-at="2024-03-04T20:28:25 IST" duration-ms="97369">
      <class name="Proj001.MavenLab.SwitchingWindows">
        <test-method signature="switchWin()[pri:0, instance:Proj001.MavenLab.SwitchingWindows@16ec5519]" started-at="2024-03-04T20:27:25 IST" name="switchWin" finished-at="2024-03-04T20:27:55 IST" duration-ms="29617" status="PASS">
          <reporter-output>
          </reporter-output>
        </test-method> <!-- switchWin -->
      </class> <!-- Proj001.MavenLab.SwitchingWindows -->
      <class name="Proj001.MavenLab.DragAndDrop">
        <test-method signature="dragdrop()[pri:0, instance:Proj001.MavenLab.DragAndDrop@50eac852]" started-at="2024-03-04T20:27:22 IST" name="dragdrop" finished-at="2024-03-04T20:27:25 IST" duration-ms="3477" status="PASS">
          <reporter-output>
          </reporter-output>
        </test-method> <!-- dragdrop -->
      </class> <!-- Proj001.MavenLab.DragAndDrop -->
      <class name="Proj001.MavenLab.MultOptions">
        <test-method signature="multipOpts()[pri:0, instance:Proj001.MavenLab.MultOptions@c33b74f]" started-at="2024-03-04T20:26:47 IST" name="multipOpts" finished-at="2024-03-04T20:27:22 IST" duration-ms="34667" status="PASS">
          <reporter-output>
          </reporter-output>
        </test-method> <!-- multipOpts -->
      </class> <!-- Proj001.MavenLab.MultOptions -->
      <class name="Proj001.MavenLab.WebTable">
        <test-method signature="readFromWebTable()[pri:0, instance:Proj001.MavenLab.WebTable@2f7298b]" started-at="2024-03-04T20:27:55 IST" name="readFromWebTable" finished-at="2024-03-04T20:28:25 IST" duration-ms="29563" status="PASS">
          <reporter-output>
          </reporter-output>
        </test-method> <!-- readFromWebTable -->
      </class> <!-- Proj001.MavenLab.WebTable -->
    </test> <!-- Test -->
  </suite> <!-- Suite -->
</testng-results>
